Reetech Product Auto  Story Viewer
[~] Login as @reetech.id 
[~] [Media : 42] [Follower : 1153] [Following : 25]
[~] Please wait 5 second for loading script
[~] ========================================

[~] Get followers of wrausahamandiri
[~] [Media : 930] [Follower : 57226] [Following : 5]
[~] 27 followers of wrausahamandiri collected
[~] 26-10-2023 01:45:27 - Success send like for https://instagram.com/stories/ian_official/3220926886465748594/
[~] 26-10-2023 01:45:27 - Seen stories 3220926886465748594_6566999928 
[~] 26-10-2023 01:45:29 - Success send like for https://instagram.com/stories/ian_official/3221344398239197209/
[~] 26-10-2023 01:45:29 - Seen stories 3221344398239197209_6566999928 
[~] 26-10-2023 01:45:32 - Success send like for https://instagram.com/stories/ian_official/3221509022783863998/
[~] 26-10-2023 01:45:32 - Seen stories 3221509022783863998_6566999928 
[~] 26-10-2023 01:45:32 - Sleep for 24 second to bypass instagram limit== [3] 
[~] 26-10-2023 01:45:57 - Sleep for 18 second to bypass instagram limit== [3] 
[~] 26-10-2023 01:46:15 - Sleep for 15 second to bypass instagram limit== [3] 
[~] 26-10-2023 01:46:30 - Sleep for 19 second to bypass instagram limit== [3] 
[~] 26-10-2023 01:46:50 - Sleep for 26 second to bypass instagram limit== [3] 
[~] 26-10-2023 01:47:16 - Sleep for 33 second to bypass instagram limit== [3] 
[~] 26-10-2023 01:47:49 - Sleep for 17 second to bypass instagram limit== [3] 
[~] 26-10-2023 01:48:07 - Sleep for 15 second to bypass instagram limit== [3] 
[~] 26-10-2023 01:48:22 - Sleep for 35 second to bypass instagram limit== [3] 
[~] 26-10-2023 01:48:59 - Success send like for https://instagram.com/stories/nangwrt/3220925919774677657/
[~] 26-10-2023 01:48:59 - Seen stories 3220925919774677657_1828364357 
[~] 26-10-2023 01:49:35 - Success send like for https://instagram.com/stories/nangwrt/3221265146031040662/
[~] 26-10-2023 01:49:35 - Seen stories 3221265146031040662_1828364357 
[~] 26-10-2023 01:50:10 - Sleep for 38 second to bypass instagram limit== [5] 
[~] 26-10-2023 01:50:48 - Sleep for 37 second to bypass instagram limit== [5] 
[~] 26-10-2023 01:51:25 - Sleep for 24 second to bypass instagram limit== [5] 
[~] 26-10-2023 01:51:49 - Sleep for 24 second to bypass instagram limit== [5] 
[~] 26-10-2023 01:52:14 - Sleep for 35 second to bypass instagram limit== [5] 
[~] 26-10-2023 01:52:49 - Sleep for 36 second to bypass instagram limit== [5] 
[~] 26-10-2023 01:53:25 - Sleep for 18 second to bypass instagram limit== [5] 
[~] 26-10-2023 01:53:44 - Sleep for 42 second to bypass instagram limit== [5] 
[~] 26-10-2023 01:54:26 - Sleep for 33 second to bypass instagram limit== [5] 
[~] 26-10-2023 01:54:59 - Sleep for 33 second to bypass instagram limit== [5] 
[~] 26-10-2023 01:55:32 - Sleep for 25 second to bypass instagram limit== [5] 
[~] 26-10-2023 01:55:58 - Sleep for 42 second to bypass instagram limit== [5] 
[~] 26-10-2023 01:56:40 - Sleep for 29 second to bypass instagram limit== [5] 
[~] 26-10-2023 01:57:09 - Sleep for 33 second to bypass instagram limit== [5] 
[~] 26-10-2023 01:57:45 - Success send like for https://instagram.com/stories/fadly.2410/3221277338356411779/
[~] 26-10-2023 01:57:45 - Seen stories 3221277338356411779_2644735902 
[~] 26-10-2023 01:58:19 - Success send like for https://instagram.com/stories/fadly.2410/3221277432988256365/
[~] 26-10-2023 01:58:19 - Seen stories 3221277432988256365_2644735902 
[~] 26-10-2023 01:58:54 - Success send like for https://instagram.com/stories/fadly.2410/3221464171312658286/
[~] 26-10-2023 01:58:54 - Seen stories 3221464171312658286_2644735902 
[~] 26-10-2023 01:59:28 - Success send like for https://instagram.com/stories/fadly.2410/3221464275339786564/
[~] 26-10-2023 01:59:28 - Seen stories 3221464275339786564_2644735902 
[~] 26-10-2023 02:00:03 - Success send like for https://instagram.com/stories/fadly.2410/3221467389576965369/
[~] 26-10-2023 02:00:03 - Seen stories 3221467389576965369_2644735902 
[~] 26-10-2023 02:00:37 - Success send like for https://instagram.com/stories/fadly.2410/3221478236625866919/
[~] 26-10-2023 02:00:37 - Seen stories 3221478236625866919_2644735902 
[~] 26-10-2023 02:01:12 - Success send like for https://instagram.com/stories/fadly.2410/3221478426803969752/
[~] 26-10-2023 02:01:12 - Seen stories 3221478426803969752_2644735902 
[~] 26-10-2023 02:01:46 - Success send like for https://instagram.com/stories/fadly.2410/3221478663245482064/
[~] 26-10-2023 02:01:46 - Seen stories 3221478663245482064_2644735902 
[~] 26-10-2023 02:02:21 - Success send like for https://instagram.com/stories/fadly.2410/3221492160079399003/
[~] 26-10-2023 02:02:21 - Seen stories 3221492160079399003_2644735902 
[~] 26-10-2023 02:02:54 - Sleep for 35 second to bypass instagram limit== [14] 
[~] 26-10-2023 02:03:29 - Sleep for 25 second to bypass instagram limit== [14] 
[~] 26-10-2023 02:03:56 - Success send like for https://instagram.com/stories/nangwrt/3220925919774677657/
[~] 26-10-2023 02:03:56 - Seen stories 3220925919774677657_1828364357 
[~] 26-10-2023 02:04:22 - Success send like for https://instagram.com/stories/nangwrt/3221265146031040662/
[~] 26-10-2023 02:04:22 - Seen stories 3221265146031040662_1828364357 
[~] 26-10-2023 02:04:47 - Sleep for 31 second to bypass instagram limit== [16] 
[~] 26-10-2023 02:05:18 - Sleep for 43 second to bypass instagram limit== [16] 
[~] 16 story from wrausahamandiri collected
[~] 16 story from wrausahamandiri marked as seen
[~] 1 story reacted today
[~] 26-10-2023 02:06:01 - Sleep for 150 second to bypass instagram limit
[~] ========================================

[~] Get followers of aldwinnv
[~] [Media : 25] [Follower : 11295] [Following : 1650]
